2018-04-19 14:20:46 JakartaCommonsLoggingImpl.java DEBUG Logging initialized using 'org.mybatis.generator.logging.commons.JakartaCommonsLoggingLogFactory@4ec6a292' adapter.
  2018-04-19 14:20:46 JakartaCommonsLoggingImpl.java DEBUG Retrieving column information for table "ldlsc_user"
  2018-04-19 14:20:46 JakartaCommonsLoggingImpl.java DEBUG Found column "user_id", data type 12, in table "ldlsc..ldlsc_user"
  2018-04-19 14:20:46 JakartaCommonsLoggingImpl.java DEBUG Found column "USER_NAME", data type 12, in table "ldlsc..ldlsc_user"
  2018-04-19 14:20:46 JakartaCommonsLoggingImpl.java DEBUG Found column "USERLOGINNAME", data type 12, in table "ldlsc..ldlsc_user"
  2018-04-19 14:20:46 JakartaCommonsLoggingImpl.java DEBUG Found column "USERPASSWORD", data type 12, in table "ldlsc..ldlsc_user"
  2018-04-19 14:20:46 JakartaCommonsLoggingImpl.java DEBUG Found column "USERINDEX", data type 12, in table "ldlsc..ldlsc_user"
  2018-04-28 14:13:54 LogFactory.java DEBUG Logging initialized using 'org.mybatis.generator.logging.slf4j.Slf4jLoggingLogFactory@4563e9ab' adapter.
  2018-04-28 14:13:54 DatabaseIntrospector.java DEBUG Retrieving column information for table "bio"
  2018-04-28 14:13:54 DatabaseIntrospector.java DEBUG Found column "bio_id", data type 12, in table "ldlsc..bio"
  2018-04-28 14:13:54 DatabaseIntrospector.java DEBUG Found column "bio_no", data type 12, in table "ldlsc..bio"
  2018-04-28 14:13:54 DatabaseIntrospector.java DEBUG Found column "bio_name", data type 12, in table "ldlsc..bio"
  2018-04-28 14:13:54 DatabaseIntrospector.java DEBUG Found column "bio_shortname", data type 12, in table "ldlsc..bio"
  2018-04-28 14:13:54 DatabaseIntrospector.java DEBUG Found column "bio_orgtype", data type 12, in table "ldlsc..bio"
  2018-04-28 14:13:54 DatabaseIntrospector.java DEBUG Found column "cdg_regtype", data type 12, in table "ldlsc..bio"
  2018-04-28 14:13:54 DatabaseIntrospector.java DEBUG Found column "bio_industry", data type 12, in table "ldlsc..bio"
  2018-04-28 14:13:54 DatabaseIntrospector.java DEBUG Found column "bio_rga_regioncode", data type 12, in table "ldlsc..bio"
  2018-04-28 14:13:54 DatabaseIntrospector.java DEBUG Found column "bio_bua_postcode", data type 12, in table "ldlsc..bio"
  2018-04-28 14:13:54 DatabaseIntrospector.java DEBUG Found column "bio_con_fax", data type 12, in table "ldlsc..bio"
  2018-04-28 14:13:54 DatabaseIntrospector.java DEBUG Found column "bio_con_mail", data type 12, in table "ldlsc..bio"
  2018-04-28 14:13:54 DatabaseIntrospector.java DEBUG Found column "bio_bua_address", data type 12, in table "ldlsc..bio"
  2018-04-28 14:13:54 DatabaseIntrospector.java DEBUG Retrieving column information for table "bip"
  2018-04-28 14:13:54 DatabaseIntrospector.java DEBUG Found column "bip_id", data type 12, in table "ldlsc..bip"
  2018-04-28 14:13:54 DatabaseIntrospector.java DEBUG Found column "bip_citizenid", data type 12, in table "ldlsc..bip"
  2018-04-28 14:13:54 DatabaseIntrospector.java DEBUG Found column "bip_sex", data type 12, in table "ldlsc..bip"
  2018-04-28 14:13:54 DatabaseIntrospector.java DEBUG Found column "bip_age", data type 12, in table "ldlsc..bip"
  2018-04-28 14:13:54 DatabaseIntrospector.java DEBUG Found column "bip_name", data type 12, in table "ldlsc..bip"
  2018-04-28 14:13:54 DatabaseIntrospector.java DEBUG Found column "bip_birthday", data type 12, in table "ldlsc..bip"
  2018-04-28 14:13:54 DatabaseIntrospector.java DEBUG Found column "bip_minzu", data type 12, in table "ldlsc..bip"
  2018-04-28 14:13:54 DatabaseIntrospector.java DEBUG Found column "bip_zzmm", data type 12, in table "ldlsc..bip"
  2018-04-28 14:13:54 DatabaseIntrospector.java DEBUG Found column "bip_hyzk", data type 12, in table "ldlsc..bip"
  2018-04-28 14:13:54 DatabaseIntrospector.java DEBUG Found column "bip_hjxz", data type 12, in table "ldlsc..bip"
  2018-04-28 14:13:54 DatabaseIntrospector.java DEBUG Found column "bip_rylb", data type 12, in table "ldlsc..bip"
  2018-04-28 14:13:54 DatabaseIntrospector.java DEBUG Found column "bip_jkzk", data type 12, in table "ldlsc..bip"
  2018-04-28 14:13:54 DatabaseIntrospector.java DEBUG Found column "bip_cjqk", data type 12, in table "ldlsc..bip"
  2018-04-28 14:13:54 DatabaseIntrospector.java DEBUG Found column "bip_eyesightleft", data type 12, in table "ldlsc..bip"
  2018-04-28 14:13:54 DatabaseIntrospector.java DEBUG Found column "bip_eyesightright", data type 12, in table "ldlsc..bip"
  2018-04-28 14:13:54 DatabaseIntrospector.java DEBUG Found column "bip_long", data type 12, in table "ldlsc..bip"
  2018-04-28 14:13:54 DatabaseIntrospector.java DEBUG Found column "bip_weight", data type 12, in table "ldlsc..bip"
  2018-04-28 14:13:54 DatabaseIntrospector.java DEBUG Found column "bip_hkszd", data type 12, in table "ldlsc..bip"
  2018-04-28 14:13:54 DatabaseIntrospector.java DEBUG Found column "bip_whcd", data type 12, in table "ldlsc..bip"
  2018-04-28 14:13:54 DatabaseIntrospector.java DEBUG Found column "bip_subject", data type 12, in table "ldlsc..bip"
  2018-04-28 14:13:54 DatabaseIntrospector.java DEBUG Found column "bip_graduateschool", data type 12, in table "ldlsc..bip"
  2018-04-28 14:13:54 DatabaseIntrospector.java DEBUG Found column "bip_bysj", data type 12, in table "ldlsc..bip"
  2018-04-28 14:13:54 DatabaseIntrospector.java DEBUG Found column "bip_educationallevel2", data type 12, in table "ldlsc..bip"
  2018-04-28 14:13:54 DatabaseIntrospector.java DEBUG Found column "bip_con_telephone", data type 12, in table "ldlsc..bip"
  2018-04-28 14:13:54 DatabaseIntrospector.java DEBUG Found column "bip_con_mobile", data type 12, in table "ldlsc..bip"
  2018-04-28 14:13:54 DatabaseIntrospector.java DEBUG Found column "bip_con_email", data type 12, in table "ldlsc..bip"
  2018-04-28 14:13:54 DatabaseIntrospector.java DEBUG Found column "bip_con_postcode", data type 12, in table "ldlsc..bip"
  2018-04-28 14:13:54 DatabaseIntrospector.java DEBUG Found column "bip_con_contact", data type 12, in table "ldlsc..bip"
  2018-04-28 14:13:54 DatabaseIntrospector.java DEBUG Found column "bip_con_contacttel", data type 12, in table "ldlsc..bip"
  2018-04-28 14:13:54 DatabaseIntrospector.java DEBUG Found column "bip_res_address", data type 12, in table "ldlsc..bip"
  2018-04-28 14:13:54 DatabaseIntrospector.java DEBUG Found column "bip_t_lowersecurity", data type 12, in table "ldlsc..bip"
  2018-04-28 14:13:54 DatabaseIntrospector.java DEBUG Found column "bip_t_criminal", data type 12, in table "ldlsc..bip"
  2018-04-28 14:13:54 DatabaseIntrospector.java DEBUG Found column "bip_t_destitute", data type 12, in table "ldlsc..bip"
  2018-04-28 14:13:54 DatabaseIntrospector.java DEBUG Found column "bip_t_peasant", data type 12, in table "ldlsc..bip"
  2018-04-28 14:13:54 DatabaseIntrospector.java DEBUG Found column "bip_t_veteran", data type 12, in table "ldlsc..bip"
  2018-04-28 14:13:54 DatabaseIntrospector.java DEBUG Found column "bip_t_othercities", data type 12, in table "ldlsc..bip"
  2018-04-28 14:13:54 DatabaseIntrospector.java DEBUG Found column "bip_t_czjyyhz", data type 12, in table "ldlsc..bip"
  2018-04-28 14:13:54 DatabaseIntrospector.java DEBUG Found column "bip_t_rhfl", data type 12, in table "ldlsc..bip"
  2018-04-28 14:13:54 DatabaseIntrospector.java DEBUG Found column "bip_t_newgraduate", data type 12, in table "ldlsc..bip"
  2018-04-28 14:13:54 DatabaseIntrospector.java DEBUG Found column "bip_pc_dj", data type 12, in table "ldlsc..bip"
  2018-04-28 14:13:54 DatabaseIntrospector.java DEBUG Found column "bip_pc_slcd", data type 12, in table "ldlsc..bip"
  2018-04-28 14:13:54 DatabaseIntrospector.java DEBUG Found column "bip_resume", data type 12, in table "ldlsc..bip"
  2018-04-28 14:13:54 DatabaseIntrospector.java DEBUG Found column "bip_qtsm", data type 12, in table "ldlsc..bip"
  2018-04-28 14:13:54 DatabaseIntrospector.java DEBUG Retrieving column information for table "bip_foregnlanguage"
  2018-04-28 14:13:54 DatabaseIntrospector.java DEBUG Retrieving column information for table "bip_skill"
  2018-04-28 14:13:54 DatabaseIntrospector.java DEBUG Found column "bip_s_id", data type 12, in table "ldlsc..bip_skill"
  2018-04-28 14:13:54 DatabaseIntrospector.java DEBUG Found column "bip_id", data type 12, in table "ldlsc..bip_skill"
  2018-04-28 14:13:54 DatabaseIntrospector.java DEBUG Found column "bip_s_years", data type 12, in table "ldlsc..bip_skill"
  2018-04-28 14:13:54 DatabaseIntrospector.java DEBUG Found column "bip_s_zyjn", data type 12, in table "ldlsc..bip_skill"
  2018-04-28 14:13:54 DatabaseIntrospector.java DEBUG Found column "bip_s_jsdj", data type 12, in table "ldlsc..bip_skill"
  2018-04-28 14:13:54 DatabaseIntrospector.java DEBUG Retrieving column information for table "ldlsc_user"
  2018-04-28 14:13:54 DatabaseIntrospector.java DEBUG Found column "user_id", data type 12, in table "ldlsc..ldlsc_user"
  2018-04-28 14:13:54 DatabaseIntrospector.java DEBUG Found column "USER_NAME", data type 12, in table "ldlsc..ldlsc_user"
  2018-04-28 14:13:54 DatabaseIntrospector.java DEBUG Found column "USERLOGINNAME", data type 12, in table "ldlsc..ldlsc_user"
  2018-04-28 14:13:54 DatabaseIntrospector.java DEBUG Found column "USERPASSWORD", data type 12, in table "ldlsc..ldlsc_user"
  2018-04-28 14:13:54 DatabaseIntrospector.java DEBUG Found column "USERINDEX", data type 12, in table "ldlsc..ldlsc_user"
  2018-04-28 14:13:54 DatabaseIntrospector.java DEBUG Retrieving column information for table "zj_dwdjjdb"
  2018-04-28 14:13:54 DatabaseIntrospector.java DEBUG Found column "DWDJJDBH", data type 12, in table "ldlsc..zj_dwdjjdb"
  2018-04-28 14:13:54 DatabaseIntrospector.java DEBUG Found column "ZPBH", data type 12, in table "ldlsc..zj_dwdjjdb"
  2018-04-28 14:13:54 DatabaseIntrospector.java DEBUG Found column "DJYY", data type 12, in table "ldlsc..zj_dwdjjdb"
  2018-04-28 14:13:54 DatabaseIntrospector.java DEBUG Found column "DJSJ", data type 12, in table "ldlsc..zj_dwdjjdb"
  2018-04-28 14:13:54 DatabaseIntrospector.java DEBUG Found column "JDYY", data type 12, in table "ldlsc..zj_dwdjjdb"
  2018-04-28 14:13:54 DatabaseIntrospector.java DEBUG Found column "JDSJ", data type 12, in table "ldlsc..zj_dwdjjdb"
  2018-04-28 14:13:54 DatabaseIntrospector.java DEBUG Found column "GDSJ", data type 12, in table "ldlsc..zj_dwdjjdb"
  2018-04-28 14:13:54 DatabaseIntrospector.java DEBUG Retrieving column information for table "zj_dwzpdjb"
  2018-04-28 14:13:54 DatabaseIntrospector.java DEBUG Found column "ZPBH", data type 12, in table "ldlsc..zj_dwzpdjb"
  2018-04-28 14:13:54 DatabaseIntrospector.java DEBUG Found column "DWBH", data type 12, in table "ldlsc..zj_dwzpdjb"
  2018-04-28 14:13:54 DatabaseIntrospector.java DEBUG Found column "DWLXR", data type 12, in table "ldlsc..zj_dwzpdjb"
  2018-04-28 14:13:54 DatabaseIntrospector.java DEBUG Found column "LXRSFZHM", data type 12, in table "ldlsc..zj_dwzpdjb"
  2018-04-28 14:13:54 DatabaseIntrospector.java DEBUG Found column "LXRSJ", data type 12, in table "ldlsc..zj_dwzpdjb"
  2018-04-28 14:13:54 DatabaseIntrospector.java DEBUG Found column "SFDJ", data type 12, in table "ldlsc..zj_dwzpdjb"
  2018-04-28 14:13:54 DatabaseIntrospector.java DEBUG Found column "DJYXQ", data type 4, in table "ldlsc..zj_dwzpdjb"
  2018-04-28 14:13:54 DatabaseIntrospector.java DEBUG Found column "DJSJ", data type 12, in table "ldlsc..zj_dwzpdjb"
  2018-04-28 14:13:54 DatabaseIntrospector.java DEBUG Found column "GDSJ", data type 12, in table "ldlsc..zj_dwzpdjb"
  2018-04-28 14:13:54 DatabaseIntrospector.java DEBUG Retrieving column information for table "zj_dwzpgzb"
  2018-04-28 14:13:54 DatabaseIntrospector.java DEBUG Found column "ZPGZBH", data type 12, in table "ldlsc..zj_dwzpgzb"
  2018-04-28 14:13:54 DatabaseIntrospector.java DEBUG Found column "ZPBH", data type 12, in table "ldlsc..zj_dwzpgzb"
  2018-04-28 14:13:54 DatabaseIntrospector.java DEBUG Found column "ZPGZ", data type 12, in table "ldlsc..zj_dwzpgzb"
  2018-04-28 14:13:54 DatabaseIntrospector.java DEBUG Found column "ZPGZBM", data type 12, in table "ldlsc..zj_dwzpgzb"
  2018-04-28 14:13:54 DatabaseIntrospector.java DEBUG Found column "GWLB", data type 12, in table "ldlsc..zj_dwzpgzb"
  2018-04-28 14:13:54 DatabaseIntrospector.java DEBUG Found column "ZRS", data type 12, in table "ldlsc..zj_dwzpgzb"
  2018-04-28 14:13:54 DatabaseIntrospector.java DEBUG Found column "ZPRSN", data type 12, in table "ldlsc..zj_dwzpgzb"
  2018-04-28 14:13:54 DatabaseIntrospector.java DEBUG Found column "ZPRSNV", data type 12, in table "ldlsc..zj_dwzpgzb"
  2018-04-28 14:13:54 DatabaseIntrospector.java DEBUG Found column "XBBX", data type 12, in table "ldlsc..zj_dwzpgzb"
  2018-04-28 14:13:54 DatabaseIntrospector.java DEBUG Found column "hjxz", data type 12, in table "ldlsc..zj_dwzpgzb"
  2018-04-28 14:13:54 DatabaseIntrospector.java DEBUG Found column "KSSJ", data type 12, in table "ldlsc..zj_dwzpgzb"
  2018-04-28 14:13:54 DatabaseIntrospector.java DEBUG Found column "JSSJ", data type 12, in table "ldlsc..zj_dwzpgzb"
  2018-04-28 14:13:54 DatabaseIntrospector.java DEBUG Found column "ZXNL", data type 12, in table "ldlsc..zj_dwzpgzb"
  2018-04-28 14:13:54 DatabaseIntrospector.java DEBUG Found column "ZDNL", data type 12, in table "ldlsc..zj_dwzpgzb"
  2018-04-28 14:13:54 DatabaseIntrospector.java DEBUG Found column "whcd", data type 12, in table "ldlsc..zj_dwzpgzb"
  2018-04-28 14:13:54 DatabaseIntrospector.java DEBUG Found column "ygxs", data type 12, in table "ldlsc..zj_dwzpgzb"
  2018-04-28 14:13:54 DatabaseIntrospector.java DEBUG Found column "ZZYX", data type 12, in table "ldlsc..zj_dwzpgzb"
  2018-04-28 14:13:54 DatabaseIntrospector.java DEBUG Found column "ZGYX", data type 12, in table "ldlsc..zj_dwzpgzb"
  2018-04-28 14:13:54 DatabaseIntrospector.java DEBUG Found column "hyzk", data type 12, in table "ldlsc..zj_dwzpgzb"
  2018-04-28 14:13:54 DatabaseIntrospector.java DEBUG Found column "jkzk", data type 12, in table "ldlsc..zj_dwzpgzb"
  2018-04-28 14:13:54 DatabaseIntrospector.java DEBUG Found column "rylb", data type 12, in table "ldlsc..zj_dwzpgzb"
  2018-04-28 14:13:54 DatabaseIntrospector.java DEBUG Found column "sfbys", data type 12, in table "ldlsc..zj_dwzpgzb"
  2018-04-28 14:13:54 DatabaseIntrospector.java DEBUG Found column "ZPDQ", data type 12, in table "ldlsc..zj_dwzpgzb"
  2018-04-28 14:13:54 DatabaseIntrospector.java DEBUG Found column "JYYZ", data type 12, in table "ldlsc..zj_dwzpgzb"
  2018-04-28 14:13:54 DatabaseIntrospector.java DEBUG Found column "SLCD", data type 12, in table "ldlsc..zj_dwzpgzb"
  2018-04-28 14:13:54 DatabaseIntrospector.java DEBUG Found column "JSJDJ", data type 12, in table "ldlsc..zj_dwzpgzb"
  2018-04-28 14:13:54 DatabaseIntrospector.java DEBUG Found column "JSJSLCD", data type 12, in table "ldlsc..zj_dwzpgzb"
  2018-04-28 14:13:54 DatabaseIntrospector.java DEBUG Found column "GWMS", data type 12, in table "ldlsc..zj_dwzpgzb"
  2018-04-28 14:13:54 DatabaseIntrospector.java DEBUG Found column "GZDD", data type 12, in table "ldlsc..zj_dwzpgzb"
  2018-04-28 14:13:54 DatabaseIntrospector.java DEBUG Found column "CGRSN", data type 12, in table "ldlsc..zj_dwzpgzb"
  2018-04-28 14:13:54 DatabaseIntrospector.java DEBUG Found column "CGRSNV", data type 12, in table "ldlsc..zj_dwzpgzb"
  2018-04-28 14:13:54 DatabaseIntrospector.java DEBUG Found column "DJYXQ", data type 12, in table "ldlsc..zj_dwzpgzb"
  2018-04-28 14:13:54 DatabaseIntrospector.java DEBUG Found column "DJSJ", data type 12, in table "ldlsc..zj_dwzpgzb"
  2018-04-28 14:13:54 DatabaseIntrospector.java DEBUG Found column "GDSJ", data type 12, in table "ldlsc..zj_dwzpgzb"
  2018-04-28 14:13:54 DatabaseIntrospector.java DEBUG Retrieving column information for table "zj_grqzdjjdb"
  2018-04-28 14:13:54 DatabaseIntrospector.java DEBUG Found column "GRDJJDBH", data type 12, in table "ldlsc..zj_grqzdjjdb"
  2018-04-28 14:13:54 DatabaseIntrospector.java DEBUG Found column "QZBH", data type 12, in table "ldlsc..zj_grqzdjjdb"
  2018-04-28 14:13:54 DatabaseIntrospector.java DEBUG Found column "DOJYY", data type 12, in table "ldlsc..zj_grqzdjjdb"
  2018-04-28 14:13:54 DatabaseIntrospector.java DEBUG Found column "DOJSJ", data type 12, in table "ldlsc..zj_grqzdjjdb"
  2018-04-28 14:13:54 DatabaseIntrospector.java DEBUG Found column "JIDYY", data type 12, in table "ldlsc..zj_grqzdjjdb"
  2018-04-28 14:13:54 DatabaseIntrospector.java DEBUG Found column "JIDSJ", data type 12, in table "ldlsc..zj_grqzdjjdb"
  2018-04-28 14:13:54 DatabaseIntrospector.java DEBUG Found column "GDSJ", data type 12, in table "ldlsc..zj_grqzdjjdb"
  2018-04-28 14:13:54 DatabaseIntrospector.java DEBUG Retrieving column information for table "zj_grqzgzb"
  2018-04-28 14:13:54 DatabaseIntrospector.java DEBUG Found column "QZGZBH", data type 12, in table "ldlsc..zj_grqzgzb"
  2018-04-28 14:13:54 DatabaseIntrospector.java DEBUG Found column "QZBH", data type 12, in table "ldlsc..zj_grqzgzb"
  2018-04-28 14:13:54 DatabaseIntrospector.java DEBUG Found column "XH", data type 12, in table "ldlsc..zj_grqzgzb"
  2018-04-28 14:13:54 DatabaseIntrospector.java DEBUG Found column "GZ", data type 12, in table "ldlsc..zj_grqzgzb"
  2018-04-28 14:13:54 DatabaseIntrospector.java DEBUG Found column "YGXS", data type 12, in table "ldlsc..zj_grqzgzb"
  2018-04-28 14:13:54 DatabaseIntrospector.java DEBUG Found column "ZDYX", data type 12, in table "ldlsc..zj_grqzgzb"
  2018-04-28 14:13:54 DatabaseIntrospector.java DEBUG Found column "ZGYX", data type 12, in table "ldlsc..zj_grqzgzb"
  2018-04-28 14:13:54 DatabaseIntrospector.java DEBUG Found column "DJSJ", data type 12, in table "ldlsc..zj_grqzgzb"
  2018-04-28 14:13:54 DatabaseIntrospector.java DEBUG Found column "GDSJ", data type 12, in table "ldlsc..zj_grqzgzb"
  2018-04-28 14:13:54 DatabaseIntrospector.java DEBUG Retrieving column information for table "zj_tjxxb"
  2018-04-28 14:13:54 DatabaseIntrospector.java DEBUG Found column "TJXID", data type 12, in table "ldlsc..zj_tjxxb"
  2018-04-28 14:13:54 DatabaseIntrospector.java DEBUG Found column "TJXLX", data type 12, in table "ldlsc..zj_tjxxb"
  2018-04-28 14:13:54 DatabaseIntrospector.java DEBUG Found column "QZGZBH", data type 12, in table "ldlsc..zj_tjxxb"
  2018-04-28 14:13:54 DatabaseIntrospector.java DEBUG Found column "ZPGZBH", data type 12, in table "ldlsc..zj_tjxxb"
  2018-04-28 14:13:54 DatabaseIntrospector.java DEBUG Found column "TJSJ", data type 12, in table "ldlsc..zj_tjxxb"
  2018-04-28 14:13:54 DatabaseIntrospector.java DEBUG Retrieving column information for table "zj_tjxxhzb"
  2018-04-28 14:13:54 DatabaseIntrospector.java DEBUG Found column "TJXID", data type 12, in table "ldlsc..zj_tjxxhzb"
  2018-04-28 14:13:54 DatabaseIntrospector.java DEBUG Found column "TJXLX", data type 12, in table "ldlsc..zj_tjxxhzb"
  2018-04-28 14:13:54 DatabaseIntrospector.java DEBUG Found column "QZGZBH", data type 12, in table "ldlsc..zj_tjxxhzb"
  2018-04-28 14:13:54 DatabaseIntrospector.java DEBUG Found column "ZPGZBH", data type 12, in table "ldlsc..zj_tjxxhzb"
  2018-04-28 14:13:54 DatabaseIntrospector.java DEBUG Found column "TJSJ", data type 12, in table "ldlsc..zj_tjxxhzb"
  2018-04-28 14:13:54 DatabaseIntrospector.java DEBUG Found column "SFCG", data type 12, in table "ldlsc..zj_tjxxhzb"
  2018-04-28 14:13:54 DatabaseIntrospector.java DEBUG Found column "JYYX", data type 12, in table "ldlsc..zj_tjxxhzb"
  2018-04-28 14:13:54 DatabaseIntrospector.java DEBUG Found column "BCGYY", data type 12, in table "ldlsc..zj_tjxxhzb"
  2018-04-28 14:13:54 DatabaseIntrospector.java DEBUG Found column "SFHZ", data type 12, in table "ldlsc..zj_tjxxhzb"
  2018-04-28 14:13:54 DatabaseIntrospector.java DEBUG Found column "HZSJ", data type 12, in table "ldlsc..zj_tjxxhzb"
  2018-04-28 14:16:44 LogFactory.java DEBUG Logging initialized using 'org.mybatis.generator.logging.slf4j.Slf4jLoggingLogFactory@4563e9ab' adapter.
  2018-04-28 14:16:44 DatabaseIntrospector.java DEBUG Retrieving column information for table "bip_foreignlanguage"
  2018-04-28 14:16:44 DatabaseIntrospector.java DEBUG Found column "bip_fl_id", data type 12, in table "ldlsc..bip_foreignlanguage"
  2018-04-28 14:16:44 DatabaseIntrospector.java DEBUG Found column "bip_id", data type 12, in table "ldlsc..bip_foreignlanguage"
  2018-04-28 14:16:44 DatabaseIntrospector.java DEBUG Found column "bip_fl_years", data type 12, in table "ldlsc..bip_foreignlanguage"
  2018-04-28 14:16:44 DatabaseIntrospector.java DEBUG Found column "bip_fl_jywy", data type 12, in table "ldlsc..bip_foreignlanguage"
  2018-04-28 14:16:44 DatabaseIntrospector.java DEBUG Found column "bip_fl_wysm", data type 12, in table "ldlsc..bip_foreignlanguage"
  